
2022/08/01 (15:28:24) | ===> btop++ v.1.2.8
2022/08/01 (15:28:24) | ERROR: Stall in Runner thread, restarting!
2022/08/01 (15:28:40) | ERROR: Stall in Runner thread, restarting!

2022/08/01 (15:29:16) | ===> btop++ v.1.2.8
2022/08/01 (15:29:16) | ERROR: Stall in Runner thread, restarting!
2022/08/01 (15:29:32) | ERROR: Stall in Runner thread, restarting!

2022/08/01 (15:29:47) | ===> btop++ v.1.2.8
2022/08/01 (15:29:47) | ERROR: Stall in Runner thread, restarting!
2022/08/01 (15:29:47) | ERROR: Stall in Runner thread, restarting!
2022/08/01 (15:30:03) | ERROR: Stall in Runner thread, restarting!
2022/08/01 (15:30:19) | ERROR: Stall in Runner thread, restarting!
2022/08/01 (15:30:34) | ERROR: Stall in Runner thread, restarting!
2022/08/01 (15:30:51) | ERROR: Stall in Runner thread, restarting!

2022/08/01 (15:32:53) | ===> btop++ v.1.2.8
2022/08/01 (15:32:53) | ERROR: Stall in Runner thread, restarting!
2022/08/01 (15:33:09) | ERROR: Stall in Runner thread, restarting!
2022/08/01 (15:33:25) | ERROR: Stall in Runner thread, restarting!
2022/08/01 (15:33:41) | ERROR: Stall in Runner thread, restarting!
2022/08/01 (15:33:56) | ERROR: Stall in Runner thread, restarting!
2022/08/01 (15:34:12) | ERROR: Stall in Runner thread, restarting!
2022/08/01 (15:34:27) | ERROR: Stall in Runner thread, restarting!
2022/08/01 (15:34:43) | ERROR: Stall in Runner thread, restarting!
2022/08/01 (15:34:59) | ERROR: Stall in Runner thread, restarting!
2022/08/01 (15:35:15) | ERROR: Stall in Runner thread, restarting!
2022/08/01 (15:35:30) | ERROR: Stall in Runner thread, restarting!
2022/08/01 (15:35:46) | ERROR: Stall in Runner thread, restarting!
2022/08/01 (15:36:02) | ERROR: Stall in Runner thread, restarting!
2022/08/01 (15:36:18) | ERROR: Stall in Runner thread, restarting!
2022/08/01 (15:36:28) | WARNING: Failed to join _runner thread on exit!
2022/08/01 (15:36:28) | ERROR: Runner thread died unexpectedly!

2022/08/01 (15:36:49) | ===> btop++ v.1.2.8
2022/08/01 (15:36:49) | ERROR: Stall in Runner thread, restarting!
2022/08/01 (15:37:05) | ERROR: Stall in Runner thread, restarting!
2022/08/01 (15:37:21) | ERROR: Stall in Runner thread, restarting!
2022/08/01 (15:37:37) | ERROR: Stall in Runner thread, restarting!
2022/08/01 (15:37:52) | ERROR: Stall in Runner thread, restarting!
2022/08/01 (15:37:52) | WARNING: Failed to join _runner thread on exit!

2022/08/01 (15:38:17) | ===> btop++ v.1.2.8
2022/08/01 (15:38:17) | ERROR: Stall in Runner thread, restarting!

2022/08/01 (15:39:42) | ===> btop++ v.1.2.8
2022/08/01 (15:39:42) | ERROR: Stall in Runner thread, restarting!
2022/08/01 (15:39:59) | ERROR: Stall in Runner thread, restarting!
2022/08/01 (15:40:14) | ERROR: Stall in Runner thread, restarting!
2022/08/01 (15:40:30) | ERROR: Stall in Runner thread, restarting!
2022/08/01 (15:40:45) | ERROR: Stall in Runner thread, restarting!
2022/08/01 (15:41:01) | ERROR: Stall in Runner thread, restarting!
2022/08/01 (15:41:17) | ERROR: Stall in Runner thread, restarting!
2022/08/01 (15:41:33) | ERROR: Stall in Runner thread, restarting!

2022/08/01 (15:43:58) | ===> btop++ v.1.2.8
2022/08/01 (15:43:58) | ERROR: Stall in Runner thread, restarting!
2022/08/01 (15:44:14) | ERROR: Stall in Runner thread, restarting!
2022/08/01 (15:44:29) | ERROR: Stall in Runner thread, restarting!
2022/08/01 (15:44:45) | ERROR: Stall in Runner thread, restarting!
2022/08/01 (15:44:45) | WARNING: Failed to join _runner thread on exit!

2022/08/01 (15:45:03) | ===> btop++ v.1.2.8
2022/08/01 (15:45:03) | ERROR: Stall in Runner thread, restarting!
2022/08/01 (15:45:20) | ERROR: Stall in Runner thread, restarting!
2022/08/01 (15:45:35) | ERROR: Stall in Runner thread, restarting!
2022/08/01 (15:45:51) | ERROR: Stall in Runner thread, restarting!
2022/08/01 (15:46:06) | ERROR: Stall in Runner thread, restarting!
2022/08/01 (15:46:22) | ERROR: Stall in Runner thread, restarting!
2022/08/01 (15:46:38) | ERROR: Stall in Runner thread, restarting!
2022/08/01 (15:46:54) | ERROR: Stall in Runner thread, restarting!
2022/08/01 (15:47:09) | ERROR: Stall in Runner thread, restarting!
2022/08/01 (15:47:25) | ERROR: Stall in Runner thread, restarting!
2022/08/01 (15:47:40) | ERROR: Stall in Runner thread, restarting!
2022/08/01 (15:47:56) | ERROR: Stall in Runner thread, restarting!
2022/08/01 (15:48:12) | ERROR: Stall in Runner thread, restarting!
2022/08/01 (15:48:28) | ERROR: Stall in Runner thread, restarting!
2022/08/01 (15:48:43) | ERROR: Stall in Runner thread, restarting!
2022/08/01 (15:48:58) | ERROR: Stall in Runner thread, restarting!
2022/08/01 (15:49:14) | ERROR: Stall in Runner thread, restarting!
2022/08/01 (15:49:30) | ERROR: Stall in Runner thread, restarting!
2022/08/01 (15:49:46) | ERROR: Stall in Runner thread, restarting!
2022/08/01 (15:50:01) | ERROR: Stall in Runner thread, restarting!
2022/08/01 (15:50:17) | ERROR: Stall in Runner thread, restarting!
2022/08/01 (15:50:32) | ERROR: Stall in Runner thread, restarting!
2022/08/01 (15:50:48) | ERROR: Stall in Runner thread, restarting!
2022/08/01 (15:51:04) | ERROR: Stall in Runner thread, restarting!
2022/08/01 (15:51:20) | ERROR: Stall in Runner thread, restarting!
2022/08/01 (15:51:35) | ERROR: Stall in Runner thread, restarting!
2022/08/01 (15:51:51) | ERROR: Stall in Runner thread, restarting!
2022/08/01 (15:52:06) | ERROR: Stall in Runner thread, restarting!
2022/08/01 (15:52:22) | ERROR: Stall in Runner thread, restarting!
2022/08/01 (15:52:38) | ERROR: Stall in Runner thread, restarting!
2022/08/01 (15:52:54) | ERROR: Stall in Runner thread, restarting!
2022/08/01 (15:52:54) | WARNING: Failed to join _runner thread on exit!

2022/08/01 (15:52:58) | ===> btop++ v.1.2.8
2022/08/01 (15:52:58) | DEBUG: Starting in DEBUG mode!
2022/08/01 (15:52:58) | INFO: Logger set to DEBUG
2022/08/01 (15:52:58) | DEBUG: Using locale en_US.UTF-8
2022/08/01 (15:52:58) | INFO: Running on /dev/pts/5
2022/08/01 (15:53:14) | ERROR: Stall in Runner thread, restarting!
2022/08/01 (15:53:30) | ERROR: Stall in Runner thread, restarting!
2022/08/01 (15:53:45) | ERROR: Stall in Runner thread, restarting!
2022/08/01 (15:54:01) | ERROR: Stall in Runner thread, restarting!
2022/08/01 (15:54:17) | ERROR: Stall in Runner thread, restarting!
2022/08/01 (15:54:33) | ERROR: Stall in Runner thread, restarting!
2022/08/01 (15:54:48) | ERROR: Stall in Runner thread, restarting!
2022/08/01 (15:55:04) | ERROR: Stall in Runner thread, restarting!
2022/08/01 (15:55:20) | ERROR: Stall in Runner thread, restarting!
2022/08/01 (15:55:36) | ERROR: Stall in Runner thread, restarting!
2022/08/01 (15:55:51) | ERROR: Stall in Runner thread, restarting!
2022/08/01 (15:56:07) | ERROR: Stall in Runner thread, restarting!
2022/08/01 (15:56:22) | ERROR: Stall in Runner thread, restarting!
2022/08/01 (15:56:38) | ERROR: Stall in Runner thread, restarting!
2022/08/01 (15:56:54) | ERROR: Stall in Runner thread, restarting!
2022/08/01 (15:57:10) | ERROR: Stall in Runner thread, restarting!
2022/08/01 (15:57:25) | ERROR: Stall in Runner thread, restarting!
2022/08/01 (15:57:41) | ERROR: Stall in Runner thread, restarting!
2022/08/01 (15:57:56) | ERROR: Stall in Runner thread, restarting!
2022/08/01 (15:58:12) | ERROR: Stall in Runner thread, restarting!
2022/08/01 (15:58:28) | ERROR: Stall in Runner thread, restarting!
2022/08/01 (15:58:44) | ERROR: Stall in Runner thread, restarting!
2022/08/01 (15:58:59) | ERROR: Stall in Runner thread, restarting!
2022/08/01 (15:59:15) | ERROR: Stall in Runner thread, restarting!
2022/08/01 (15:59:30) | ERROR: Stall in Runner thread, restarting!
2022/08/01 (15:59:46) | ERROR: Stall in Runner thread, restarting!
2022/08/01 (16:00:02) | ERROR: Stall in Runner thread, restarting!
2022/08/01 (16:00:18) | ERROR: Stall in Runner thread, restarting!
2022/08/01 (16:00:33) | ERROR: Stall in Runner thread, restarting!
2022/08/01 (16:00:49) | ERROR: Stall in Runner thread, restarting!
2022/08/01 (16:01:04) | ERROR: Stall in Runner thread, restarting!
2022/08/01 (16:01:20) | ERROR: Stall in Runner thread, restarting!
2022/08/01 (16:01:36) | ERROR: Stall in Runner thread, restarting!
2022/08/01 (16:01:52) | ERROR: Stall in Runner thread, restarting!
2022/08/01 (16:02:07) | ERROR: Stall in Runner thread, restarting!
2022/08/01 (16:02:07) | WARNING: Failed to join _runner thread on exit!
2022/08/01 (16:02:07) | INFO: Quitting! Runtime: 00:09:09

2022/08/01 (16:02:09) | ===> btop++ v.1.2.8
2022/08/01 (16:02:09) | DEBUG: Starting in DEBUG mode!
2022/08/01 (16:02:09) | INFO: Logger set to DEBUG
2022/08/01 (16:02:09) | DEBUG: Using locale en_US.UTF-8
2022/08/01 (16:02:09) | INFO: Running on /dev/pts/5
2022/08/01 (16:02:25) | ERROR: Stall in Runner thread, restarting!
2022/08/01 (16:02:41) | ERROR: Stall in Runner thread, restarting!
2022/08/01 (16:02:41) | WARNING: Failed to join _runner thread on exit!
2022/08/01 (16:02:41) | INFO: Quitting! Runtime: 00:00:32

2022/08/01 (16:02:42) | ===> btop++ v.1.2.8
2022/08/01 (16:02:42) | DEBUG: Starting in DEBUG mode!
2022/08/01 (16:02:42) | INFO: Logger set to DEBUG
2022/08/01 (16:02:42) | DEBUG: Using locale en_US.UTF-8
2022/08/01 (16:02:42) | INFO: Running on /dev/pts/5
2022/08/01 (16:02:58) | ERROR: Stall in Runner thread, restarting!
2022/08/01 (16:03:15) | ERROR: Stall in Runner thread, restarting!
2022/08/01 (16:03:30) | ERROR: Stall in Runner thread, restarting!
2022/08/01 (16:03:30) | WARNING: Failed to join _runner thread on exit!
2022/08/01 (16:03:30) | INFO: Quitting! Runtime: 00:00:48

2022/08/01 (16:03:31) | ===> btop++ v.1.2.8
2022/08/01 (16:03:31) | DEBUG: Starting in DEBUG mode!
2022/08/01 (16:03:31) | INFO: Logger set to DEBUG
2022/08/01 (16:03:31) | DEBUG: Using locale en_US.UTF-8
2022/08/01 (16:03:31) | INFO: Running on /dev/pts/5
2022/08/01 (16:03:47) | ERROR: Stall in Runner thread, restarting!
2022/08/01 (16:03:51) | WARNING: Failed to join _runner thread on exit!
2022/08/01 (16:03:51) | INFO: Quitting! Runtime: 00:00:20

2022/08/01 (16:03:52) | ===> btop++ v.1.2.8
2022/08/01 (16:03:52) | DEBUG: Starting in DEBUG mode!
2022/08/01 (16:03:52) | INFO: Logger set to DEBUG
2022/08/01 (16:03:52) | DEBUG: Using locale en_US.UTF-8
2022/08/01 (16:03:52) | INFO: Running on /dev/pts/5
2022/08/01 (16:04:08) | ERROR: Stall in Runner thread, restarting!
2022/08/01 (16:04:24) | ERROR: Stall in Runner thread, restarting!
2022/08/01 (16:04:24) | WARNING: Failed to join _runner thread on exit!
2022/08/01 (16:04:24) | INFO: Quitting! Runtime: 00:00:32

2022/08/01 (16:04:26) | ===> btop++ v.1.2.8
2022/08/01 (16:04:26) | DEBUG: Starting in DEBUG mode!
2022/08/01 (16:04:26) | INFO: Logger set to DEBUG
2022/08/01 (16:04:26) | DEBUG: Using locale en_US.UTF-8
2022/08/01 (16:04:26) | INFO: Running on /dev/pts/5

2022/08/01 (16:05:01) | ===> btop++ v.1.2.8
2022/08/01 (16:05:01) | DEBUG: Starting in DEBUG mode!
2022/08/01 (16:05:01) | INFO: Logger set to DEBUG
2022/08/01 (16:05:01) | DEBUG: Using locale en_US.UTF-8
2022/08/01 (16:05:01) | INFO: Running on /dev/pts/5
2022/08/01 (16:05:36) | INFO: Quitting! Runtime: 00:00:35

2022/08/01 (16:05:43) | ===> btop++ v.1.2.8
2022/08/01 (16:05:43) | DEBUG: Starting in DEBUG mode!
2022/08/01 (16:05:43) | INFO: Logger set to DEBUG
2022/08/01 (16:05:43) | DEBUG: Using locale en_US.UTF-8
2022/08/01 (16:05:43) | INFO: Running on /dev/pts/5
2022/08/01 (16:05:59) | ERROR: Stall in Runner thread, restarting!
2022/08/01 (16:06:15) | ERROR: Stall in Runner thread, restarting!
2022/08/01 (16:06:15) | WARNING: Failed to join _runner thread on exit!
2022/08/01 (16:06:15) | INFO: Quitting! Runtime: 00:00:32

2022/08/01 (16:06:19) | ===> btop++ v.1.2.8
2022/08/01 (16:06:19) | DEBUG: Starting in DEBUG mode!
2022/08/01 (16:06:19) | INFO: Logger set to DEBUG
2022/08/01 (16:06:19) | DEBUG: Using locale en_US.UTF-8
2022/08/01 (16:06:19) | INFO: Running on /dev/pts/5
2022/08/01 (16:06:35) | ERROR: Stall in Runner thread, restarting!
2022/08/01 (16:06:45) | INFO: Quitting! Runtime: 00:00:26

2022/08/01 (16:06:46) | ===> btop++ v.1.2.8
2022/08/01 (16:06:46) | DEBUG: Starting in DEBUG mode!
2022/08/01 (16:06:46) | INFO: Logger set to DEBUG
2022/08/01 (16:06:46) | DEBUG: Using locale en_US.UTF-8
2022/08/01 (16:06:46) | INFO: Running on /dev/pts/5
2022/08/01 (16:07:02) | ERROR: Stall in Runner thread, restarting!
2022/08/01 (16:07:18) | ERROR: Stall in Runner thread, restarting!
2022/08/01 (16:07:18) | WARNING: Failed to join _runner thread on exit!
2022/08/01 (16:07:18) | INFO: Quitting! Runtime: 00:00:32

2022/08/01 (16:07:19) | ===> btop++ v.1.2.8
2022/08/01 (16:07:19) | DEBUG: Starting in DEBUG mode!
2022/08/01 (16:07:19) | INFO: Logger set to DEBUG
2022/08/01 (16:07:19) | DEBUG: Using locale en_US.UTF-8
2022/08/01 (16:07:19) | INFO: Running on /dev/pts/5
2022/08/01 (16:07:36) | ERROR: Stall in Runner thread, restarting!
2022/08/01 (16:07:52) | ERROR: Stall in Runner thread, restarting!
2022/08/01 (16:08:07) | ERROR: Stall in Runner thread, restarting!
2022/08/01 (16:08:23) | ERROR: Stall in Runner thread, restarting!
2022/08/01 (16:08:38) | ERROR: Stall in Runner thread, restarting!
2022/08/01 (16:08:54) | ERROR: Stall in Runner thread, restarting!
2022/08/01 (16:09:10) | ERROR: Stall in Runner thread, restarting!
2022/08/01 (16:09:26) | ERROR: Stall in Runner thread, restarting!
2022/08/01 (16:09:41) | ERROR: Stall in Runner thread, restarting!
2022/08/01 (16:09:56) | ERROR: Stall in Runner thread, restarting!
2022/08/01 (16:10:12) | ERROR: Stall in Runner thread, restarting!
2022/08/01 (16:10:28) | ERROR: Stall in Runner thread, restarting!
2022/08/01 (16:10:44) | ERROR: Stall in Runner thread, restarting!
2022/08/01 (16:10:59) | ERROR: Stall in Runner thread, restarting!
2022/08/01 (16:11:15) | ERROR: Stall in Runner thread, restarting!
2022/08/01 (16:11:30) | ERROR: Stall in Runner thread, restarting!
2022/08/01 (16:11:46) | ERROR: Stall in Runner thread, restarting!
2022/08/01 (16:12:02) | ERROR: Stall in Runner thread, restarting!
2022/08/01 (16:12:18) | ERROR: Stall in Runner thread, restarting!
2022/08/01 (16:12:28) | INFO: Quitting! Runtime: 00:05:09

2022/08/01 (16:13:16) | ===> btop++ v.1.2.8
2022/08/01 (16:13:16) | INFO: Logger set to DEBUG
2022/08/01 (16:13:16) | DEBUG: Using locale en_US.UTF-8
2022/08/01 (16:13:16) | INFO: Running on /dev/pts/5
2022/08/01 (16:13:32) | ERROR: Stall in Runner thread, restarting!
2022/08/01 (16:13:48) | ERROR: Stall in Runner thread, restarting!
2022/08/01 (16:13:52) | WARNING: Failed to join _runner thread on exit!
2022/08/01 (16:13:52) | INFO: Quitting! Runtime: 00:00:36

2022/08/01 (16:15:08) | ===> btop++ v.1.2.8
2022/08/01 (16:15:08) | INFO: Logger set to DEBUG
2022/08/01 (16:15:08) | DEBUG: Using locale en_US.UTF-8
2022/08/01 (16:15:08) | INFO: Running on /dev/pts/5
2022/08/01 (16:15:35) | INFO: Quitting! Runtime: 00:00:27

2022/08/01 (16:34:05) | ===> btop++ v.1.2.8
2022/08/01 (16:34:05) | INFO: Logger set to DEBUG
2022/08/01 (16:34:05) | DEBUG: Using locale en_US.UTF-8
2022/08/01 (16:34:05) | INFO: Running on /dev/pts/5
